Something is already running on port 3000.
Something is already running on port 3000.
Something is already running on port 3000.
Something is already running on port 3000.
Attempting to bind to HOST environment variable: 127.0.0.1
Attempting to bind to HOST environment variable: 127.0.0.1
Attempting to bind to HOST environment variable: 127.0.0.1
Attempting to bind to HOST environment variable: 127.0.0.1
If this was unintentional, check that you haven't mistakenly set it in your shell.
Learn more here: http://bit.ly/CRA-advanced-config

If this was unintentional, check that you haven't mistakenly set it in your shell.
Learn more here: http://bit.ly/CRA-advanced-config

If this was unintentional, check that you haven't mistakenly set it in your shell.
Learn more here: http://bit.ly/CRA-advanced-config

If this was unintentional, check that you haven't mistakenly set it in your shell.
Learn more here: http://bit.ly/CRA-advanced-config

Starting the development server...

Starting the development server...

Starting the development server...

Starting the development server...

Compiled successfully!
Compiled successfully!
Compiled successfully!

You can now view react-blog in the browser.

  http://127.0.0.1:3001/

Note that the development build is not optimized.
To create a production build, use yarn build.

Compiled successfully!

You can now view react-blog in the browser.

  http://127.0.0.1:3001/

Note that the development build is not optimized.
To create a production build, use yarn build.


You can now view react-blog in the browser.

  http://127.0.0.1:3001/

Note that the development build is not optimized.
To create a production build, use yarn build.


You can now view react-blog in the browser.

  http://127.0.0.1:3001/

Note that the development build is not optimized.
To create a production build, use yarn build.

Attempting to bind to HOST environment variable: 127.0.0.1
If this was unintentional, check that you haven't mistakenly set it in your shell.
Learn more here: http://bit.ly/CRA-advanced-config

Starting the development server...

Compiled successfully!

You can now view react-blog in the browser.

  http://127.0.0.1:3000/

Note that the development build is not optimized.
To create a production build, use yarn build.

Attempting to bind to HOST environment variable: 127.0.0.1
If this was unintentional, check that you haven't mistakenly set it in your shell.
Learn more here: http://bit.ly/CRA-advanced-config

Starting the development server...

Compiled successfully!

You can now view react-blog in the browser.

  http://127.0.0.1:3000/

Note that the development build is not optimized.
To create a production build, use yarn build.

NODE_ENV production
Attempting to bind to HOST environment variable: 120.27.249.124
If this was unintentional, check that you haven't mistakenly set it in your shell.
Learn more here: http://bit.ly/CRA-advanced-config

Could not find an open port at 120.27.249.124.
Network error message: bind EADDRNOTAVAIL 120.27.249.124

NODE_ENV production
Attempting to bind to HOST environment variable: 120.27.249.124
If this was unintentional, check that you haven't mistakenly set it in your shell.
Learn more here: http://bit.ly/CRA-advanced-config

Could not find an open port at 120.27.249.124.
Network error message: bind EADDRNOTAVAIL 120.27.249.124

NODE_ENV production
Attempting to bind to HOST environment variable: 120.27.249.124
If this was unintentional, check that you haven't mistakenly set it in your shell.
Learn more here: http://bit.ly/CRA-advanced-config

Could not find an open port at 120.27.249.124.
Network error message: bind EADDRNOTAVAIL 120.27.249.124

NODE_ENV production
Attempting to bind to HOST environment variable: 120.27.249.124
If this was unintentional, check that you haven't mistakenly set it in your shell.
Learn more here: http://bit.ly/CRA-advanced-config

Could not find an open port at 120.27.249.124.
Network error message: bind EADDRNOTAVAIL 120.27.249.124

NODE_ENV production
Attempting to bind to HOST environment variable: 120.27.249.124
If this was unintentional, check that you haven't mistakenly set it in your shell.
Learn more here: http://bit.ly/CRA-advanced-config

Could not find an open port at 120.27.249.124.
Network error message: bind EADDRNOTAVAIL 120.27.249.124

NODE_ENV production
Attempting to bind to HOST environment variable: 120.27.249.124
If this was unintentional, check that you haven't mistakenly set it in your shell.
Learn more here: http://bit.ly/CRA-advanced-config

Could not find an open port at 120.27.249.124.
Network error message: bind EADDRNOTAVAIL 120.27.249.124

NODE_ENV production
Attempting to bind to HOST environment variable: 120.27.249.124
If this was unintentional, check that you haven't mistakenly set it in your shell.
Learn more here: http://bit.ly/CRA-advanced-config

Could not find an open port at 120.27.249.124.
Network error message: bind EADDRNOTAVAIL 120.27.249.124

NODE_ENV production
NODE_ENV development
Attempting to bind to HOST environment variable: 127.0.0.1
If this was unintentional, check that you haven't mistakenly set it in your shell.
Learn more here: http://bit.ly/CRA-advanced-config

Starting the development server...

Compiled successfully!

You can now view react-blog in the browser.

  http://127.0.0.1:3000/

Note that the development build is not optimized.
To create a production build, use yarn build.

NODE_ENV dev
Attempting to bind to HOST environment variable: 127.0.0.1
If this was unintentional, check that you haven't mistakenly set it in your shell.
Learn more here: http://bit.ly/CRA-advanced-config

Starting the development server...

