NODE_ENV production
Something is already running on port 3000.
NODE_ENV production
Starting the production server...

Compiled successfully!

You can now view react-blog in the browser.

  Local:            http://localhost:3000/
  On Your Network:  http://10.57.241.202:3000/

Note that the development build is not optimized.
To create a production build, use yarn build.

NODE_ENV production
Starting the production server...

Compiled successfully!

You can now view react-blog in the browser.

  Local:            http://localhost:3000/
  On Your Network:  http://10.57.241.202:3000/

Note that the development build is not optimized.
To create a production build, use yarn build.

NODE_ENV development
Something is already running on port 3000.
NODE_ENV production
Something is already running on port 3000.
NODE_ENV production
Starting the production server...

Compiled successfully!

You can now view react-blog in the browser.

  Local:            http://localhost:3000/
  On Your Network:  http://10.57.241.202:3000/

Note that the development build is not optimized.
To create a production build, use yarn build.

